[0923/160918.736:ERROR:process_info.cc(359)] UncheckedAllocate
[0923/234319.584:ERROR:process_reader_win.cc(151)] SuspendThread: Access is denied. (0x5)
[0923/234319.595:ERROR:process_reader_win.cc(151)] SuspendThread: Access is denied. (0x5)
[0923/234319.584:ERROR:process_reader_win.cc(151)] SuspendThread: Access is denied. (0x5)
[0923/234319.596:ERROR:process_reader_win.cc(151)] SuspendThread: Access is denied. (0x5)
[0923/234319.596:ERROR:process_reader_win.cc(151)] SuspendThread: Access is denied. (0x5)
[0923/234319.596:ERROR:process_reader_win.cc(151)] SuspendThread: Access is denied. (0x5)
[0923/234319.596:ERROR:process_reader_win.cc(151)] SuspendThread: Access is denied. (0x5)
[0923/234319.596:ERROR:process_reader_win.cc(151)] SuspendThread: Access is denied. (0x5)
[0923/234319.596:ERROR:process_reader_win.cc(151)] SuspendThread: Access is denied. (0x5)
[0923/234319.596:ERROR:process_reader_win.cc(151)] SuspendThread: Access is denied. (0x5)
[0923/234319.596:ERROR:process_reader_win.cc(151)] SuspendThread: Access is denied. (0x5)
[0923/234319.596:ERROR:process_reader_win.cc(123)] NtOpenThread: {Access Denied} A process has requested access to an object, but has not been granted those access rights. (0xc0000022)
[0923/234319.597:ERROR:exception_snapshot_win.cc(99)] thread ID 6676 not found in process
[0923/234319.598:ERROR:process_reader_win.cc(151)] SuspendThread: Access is denied. (0x5)
[0923/234319.598:ERROR:process_reader_win.cc(151)] SuspendThread: Access is denied. (0x5)
[0923/234319.598:ERROR:process_reader_win.cc(151)] SuspendThread: Access is denied. (0x5)
[0923/234319.598:ERROR:process_reader_win.cc(151)] SuspendThread: Access is denied. (0x5)
[0923/234319.598:ERROR:process_reader_win.cc(151)] SuspendThread: Access is denied. (0x5)
[0923/234319.598:ERROR:process_reader_win.cc(151)] SuspendThread: Access is denied. (0x5)
[0923/234319.598:ERROR:process_reader_win.cc(123)] NtOpenThread: {Access Denied} A process has requested access to an object, but has not been granted those access rights. (0xc0000022)
[0923/234319.598:ERROR:exception_snapshot_win.cc(99)] thread ID 15472 not found in process
[0923/234319.598:ERROR:process_reader_win.cc(151)] SuspendThread: Access is denied. (0x5)
[0923/234319.599:ERROR:process_reader_win.cc(151)] SuspendThread: Access is denied. (0x5)
[0923/234319.599:ERROR:process_reader_win.cc(151)] SuspendThread: Access is denied. (0x5)
[0923/234319.599:ERROR:process_reader_win.cc(123)] NtOpenThread: {Access Denied} A process has requested access to an object, but has not been granted those access rights. (0xc0000022)
[0923/234319.599:ERROR:exception_snapshot_win.cc(99)] thread ID 24504 not found in process
[0923/234319.596:ERROR:process_reader_win.cc(123)] NtOpenThread: {Access Denied} A process has requested access to an object, but has not been granted those access rights. (0xc0000022)
[0923/234319.599:ERROR:exception_snapshot_win.cc(99)] thread ID 23380 not found in process
[0923/234319.658:ERROR:process_reader_win.cc(151)] SuspendThread: Access is denied. (0x5)
[0923/234319.660:ERROR:process_reader_win.cc(151)] SuspendThread: Access is denied. (0x5)
[0923/234319.661:ERROR:process_reader_win.cc(151)] SuspendThread: Access is denied. (0x5)
[0923/234319.662:ERROR:process_reader_win.cc(151)] SuspendThread: Access is denied. (0x5)
[0923/234319.662:ERROR:process_reader_win.cc(151)] SuspendThread: Access is denied. (0x5)
[0923/234319.663:ERROR:process_reader_win.cc(151)] SuspendThread: Access is denied. (0x5)
[0923/234319.664:ERROR:process_reader_win.cc(151)] SuspendThread: Access is denied. (0x5)
[0923/234319.664:ERROR:process_reader_win.cc(123)] NtOpenThread: {Access Denied} A process has requested access to an object, but has not been granted those access rights. (0xc0000022)
[0923/234319.664:ERROR:exception_snapshot_win.cc(99)] thread ID 19396 not found in process
[0923/234320.288:ERROR:process_reader_win.cc(151)] SuspendThread: Access is denied. (0x5)
[0923/234320.289:ERROR:process_reader_win.cc(151)] SuspendThread: Access is denied. (0x5)
[0923/234320.290:ERROR:process_reader_win.cc(151)] SuspendThread: Access is denied. (0x5)
[0923/234320.291:ERROR:process_reader_win.cc(151)] SuspendThread: Access is denied. (0x5)
[0923/234320.291:ERROR:process_reader_win.cc(123)] NtOpenThread: {Access Denied} A process has requested access to an object, but has not been granted those access rights. (0xc0000022)
[0923/234320.291:ERROR:exception_snapshot_win.cc(99)] thread ID 20448 not found in process
[1011/112523.614:ERROR:directory_reader_win.cc(43)] FindFirstFile: The system cannot find the path specified. (0x3)
